2023-09-02 16:35:05,586 INFO notifyConnectTimeout:200

2023-09-02 16:35:05,613 INFO notifySocketTimeout:8000

2023-09-02 16:35:05,615 INFO isHealthCheck:true

2023-09-02 16:35:05,616 INFO maxHealthCheckFailCount:12

2023-09-02 16:35:05,619 INFO maxContent:10485760

2023-09-02 16:35:05,621 INFO spring.datasource.platform:""

2023-09-02 16:35:08,304 INFO use local db service for init

2023-09-02 16:35:08,689 WARN Lexical error at line 4, column 66.  Encountered: <EOF> after : "".

2023-09-02 16:35:08,692 WARN Syntax error: Encountered "*" at line 1, column 1.

2023-09-02 16:35:08,728 WARN Table/View 'CONFIG_INFO' already exists in Schema 'NACOS'.

2023-09-02 16:35:08,762 WARN Table/View 'HIS_CONFIG_INFO' already exists in Schema 'NACOS'.

2023-09-02 16:35:08,779 WARN Table/View 'CONFIG_INFO_BETA' already exists in Schema 'NACOS'.

2023-09-02 16:35:08,787 WARN Table/View 'CONFIG_INFO_TAG' already exists in Schema 'NACOS'.

2023-09-02 16:35:08,797 WARN Table/View 'CONFIG_INFO_AGGR' already exists in Schema 'NACOS'.

2023-09-02 16:35:08,805 WARN Table/View 'APP_LIST' already exists in Schema 'NACOS'.

2023-09-02 16:35:08,812 WARN Table/View 'APP_CONFIGDATA_RELATION_SUBS' already exists in Schema 'NACOS'.

2023-09-02 16:35:08,818 WARN Table/View 'APP_CONFIGDATA_RELATION_PUBS' already exists in Schema 'NACOS'.

2023-09-02 16:35:08,826 WARN Table/View 'CONFIG_TAGS_RELATION' already exists in Schema 'NACOS'.

2023-09-02 16:35:08,834 WARN Table/View 'GROUP_CAPACITY' already exists in Schema 'NACOS'.

2023-09-02 16:35:08,841 WARN Table/View 'TENANT_CAPACITY' already exists in Schema 'NACOS'.

2023-09-02 16:35:08,847 WARN Table/View 'TENANT_INFO' already exists in Schema 'NACOS'.

2023-09-02 16:35:08,854 WARN Table/View 'USERS' already exists in Schema 'NACOS'.

2023-09-02 16:35:08,861 WARN Table/View 'ROLES' already exists in Schema 'NACOS'.

2023-09-02 16:35:08,869 WARN Table/View 'PERMISSIONS' already exists in Schema 'NACOS'.

2023-09-02 16:35:08,900 WARN The statement was aborted because it would have caused a duplicate key value in a unique or primary key constraint or unique index identified by 'SQL230901224426100' defined on 'USERS'.

2023-09-02 16:35:08,905 WARN The statement was aborted because it would have caused a duplicate key value in a unique or primary key constraint or unique index identified by 'UK_USERNAME_ROLE' defined on 'ROLES'.

2023-09-02 16:35:08,907 WARN Lexical error at line 4, column 13.  Encountered: "`" (96), after : "".

2023-09-02 16:35:08,908 WARN Lexical error at line 1, column 13.  Encountered: "`" (96), after : "".

2023-09-02 16:35:08,909 WARN Lexical error at line 1, column 13.  Encountered: "`" (96), after : "".

2023-09-02 16:35:08,910 WARN Lexical error at line 1, column 13.  Encountered: "`" (96), after : "".

2023-09-02 16:35:08,910 INFO use StandaloneDatabaseOperateImpl

2023-09-02 16:35:08,974 WARN DumpService start

2023-09-02 16:35:08,988 INFO start clear all config-info.

2023-09-02 16:35:08,991 WARN clear all config-info failed.

2023-09-02 16:35:08,992 WARN clear all config-info-tenant failed.

2023-09-02 16:35:09,025 INFO start clear all config-info-beta.

2023-09-02 16:35:09,027 WARN clear all config-info-beta failed.

2023-09-02 16:35:09,028 WARN clear all config-info-beta-tenant failed.

2023-09-02 16:35:09,037 INFO start clear all config-info-tag.

2023-09-02 16:35:09,038 WARN clear all config-info-tag failed.

2023-09-02 16:35:09,039 WARN clear all config-info-tag-tenant failed.

