2023-09-03 00:07:26,515 INFO [capacityManagement] start correct usage

2023-09-03 00:07:26,563 INFO [capacityManagement] end correct usage, cost: 0.001115167s

2023-09-03 00:07:26,571 WARN clearConfigHistory start

2023-09-03 00:07:26,579 WARN clearConfigHistory, getBeforeStamp:2023-08-04 00:07:26.0, pageSize:1000

2023-09-03 00:17:26,560 INFO [capacityManagement] start correct usage

2023-09-03 00:17:26,573 WARN clearConfigHistory start

2023-09-03 00:17:26,581 WARN clearConfigHistory, getBeforeStamp:2023-08-04 00:17:26.0, pageSize:1000

2023-09-03 00:17:26,580 INFO [capacityManagement] end correct usage, cost: 0.011483959s

2023-09-03 00:27:26,614 INFO [capacityManagement] start correct usage

2023-09-03 00:27:26,627 INFO [capacityManagement] end correct usage, cost: 0.003332667s

2023-09-03 00:27:26,617 WARN clearConfigHistory start

2023-09-03 00:27:26,637 WARN clearConfigHistory, getBeforeStamp:2023-08-04 00:27:26.0, pageSize:1000

2023-09-03 00:53:29,444 INFO [capacityManagement] start correct usage

2023-09-03 00:53:29,455 INFO [capacityManagement] end correct usage, cost: 0.001683334s

2023-09-03 00:53:29,459 WARN clearConfigHistory start

2023-09-03 00:53:29,462 WARN clearConfigHistory, getBeforeStamp:2023-08-04 00:53:29.0, pageSize:1000

2023-09-03 01:03:29,452 INFO [capacityManagement] start correct usage

2023-09-03 01:03:29,470 WARN clearConfigHistory start

2023-09-03 01:03:29,481 INFO [capacityManagement] end correct usage, cost: 0.002569958s

2023-09-03 01:03:29,483 WARN clearConfigHistory, getBeforeStamp:2023-08-04 01:03:29.0, pageSize:1000

2023-09-03 01:13:29,481 INFO [capacityManagement] start correct usage

2023-09-03 01:13:29,484 WARN clearConfigHistory start

2023-09-03 01:13:29,510 INFO [capacityManagement] end correct usage, cost: 0.002351042s

2023-09-03 01:13:29,513 WARN clearConfigHistory, getBeforeStamp:2023-08-04 01:13:29.0, pageSize:1000

2023-09-03 01:23:29,520 WARN clearConfigHistory start

2023-09-03 01:23:29,520 INFO [capacityManagement] start correct usage

2023-09-03 01:23:29,533 WARN clearConfigHistory, getBeforeStamp:2023-08-04 01:23:29.0, pageSize:1000

2023-09-03 01:23:29,534 INFO [capacityManagement] end correct usage, cost: 0.001294166s

2023-09-03 01:33:29,506 WARN clearConfigHistory start

2023-09-03 01:33:29,507 INFO [capacityManagement] start correct usage

2023-09-03 01:33:29,515 WARN clearConfigHistory, getBeforeStamp:2023-08-04 01:33:29.0, pageSize:1000

2023-09-03 01:33:29,517 INFO [capacityManagement] end correct usage, cost: 0.003365875s

2023-09-03 01:43:29,521 WARN clearConfigHistory start

2023-09-03 01:43:29,521 INFO [capacityManagement] start correct usage

2023-09-03 01:43:29,536 WARN clearConfigHistory, getBeforeStamp:2023-08-04 01:43:29.0, pageSize:1000

2023-09-03 01:43:29,544 INFO [capacityManagement] end correct usage, cost: 0.012094084s

2023-09-03 02:09:23,895 INFO [capacityManagement] start correct usage

2023-09-03 02:09:23,895 WARN clearConfigHistory start

2023-09-03 02:09:23,910 INFO [capacityManagement] end correct usage, cost: 0.003280458s

2023-09-03 02:09:23,910 WARN clearConfigHistory, getBeforeStamp:2023-08-04 02:09:23.0, pageSize:1000

2023-09-03 02:19:23,929 INFO [capacityManagement] start correct usage

2023-09-03 02:19:23,932 WARN clearConfigHistory start

2023-09-03 02:19:23,962 WARN clearConfigHistory, getBeforeStamp:2023-08-04 02:19:23.0, pageSize:1000

2023-09-03 02:19:23,960 INFO [capacityManagement] end correct usage, cost: 0.001440625s

2023-09-03 02:29:23,960 WARN clearConfigHistory start

2023-09-03 02:29:23,962 INFO [capacityManagement] start correct usage

2023-09-03 02:29:23,971 WARN clearConfigHistory, getBeforeStamp:2023-08-04 02:29:23.0, pageSize:1000

2023-09-03 02:29:23,976 INFO [capacityManagement] end correct usage, cost: 0.002777792s

2023-09-03 02:39:24,040 INFO [capacityManagement] start correct usage

2023-09-03 02:39:24,045 WARN clearConfigHistory start

2023-09-03 02:39:24,055 WARN clearConfigHistory, getBeforeStamp:2023-08-04 02:39:24.0, pageSize:1000

2023-09-03 02:39:24,054 INFO [capacityManagement] end correct usage, cost: 0.004060167s

2023-09-03 02:49:24,116 INFO [capacityManagement] start correct usage

2023-09-03 02:49:24,119 WARN clearConfigHistory start

2023-09-03 02:49:24,142 WARN clearConfigHistory, getBeforeStamp:2023-08-04 02:49:24.0, pageSize:1000

2023-09-03 02:49:24,141 INFO [capacityManagement] end correct usage, cost: 0.001301875s

2023-09-03 02:59:24,155 WARN clearConfigHistory start

2023-09-03 02:59:24,155 INFO [capacityManagement] start correct usage

2023-09-03 02:59:24,168 WARN clearConfigHistory, getBeforeStamp:2023-08-04 02:59:24.0, pageSize:1000

2023-09-03 02:59:24,173 INFO [capacityManagement] end correct usage, cost: 0.002317666s

2023-09-03 03:37:18,907 WARN clearConfigHistory start

2023-09-03 03:37:18,908 INFO [capacityManagement] start correct usage

2023-09-03 03:37:18,918 WARN clearConfigHistory, getBeforeStamp:2023-08-04 03:37:18.0, pageSize:1000

2023-09-03 03:37:18,920 INFO [capacityManagement] end correct usage, cost: 0.001769583s

2023-09-03 03:47:18,933 WARN clearConfigHistory start

2023-09-03 03:47:18,933 INFO [capacityManagement] start correct usage

2023-09-03 03:47:18,945 WARN clearConfigHistory, getBeforeStamp:2023-08-04 03:47:18.0, pageSize:1000

2023-09-03 03:47:18,953 INFO [capacityManagement] end correct usage, cost: 0.005826125s

2023-09-03 03:57:18,962 WARN clearConfigHistory start

2023-09-03 03:57:18,973 WARN clearConfigHistory, getBeforeStamp:2023-08-04 03:57:18.0, pageSize:1000

2023-09-03 03:57:18,962 INFO [capacityManagement] start correct usage

2023-09-03 03:57:18,981 INFO [capacityManagement] end correct usage, cost: 6.50875E-4s

2023-09-03 04:07:19,009 WARN clearConfigHistory start

2023-09-03 04:07:19,011 INFO [capacityManagement] start correct usage

2023-09-03 04:07:19,023 WARN clearConfigHistory, getBeforeStamp:2023-08-04 04:07:19.0, pageSize:1000

2023-09-03 04:07:19,025 INFO [capacityManagement] end correct usage, cost: 0.00198675s

2023-09-03 04:17:19,053 INFO [capacityManagement] start correct usage

2023-09-03 04:17:19,057 WARN clearConfigHistory start

2023-09-03 04:17:19,079 INFO [capacityManagement] end correct usage, cost: 0.001921917s

2023-09-03 04:17:19,082 WARN clearConfigHistory, getBeforeStamp:2023-08-04 04:17:19.0, pageSize:1000

2023-09-03 04:27:19,116 WARN clearConfigHistory start

2023-09-03 04:27:19,117 INFO [capacityManagement] start correct usage

2023-09-03 04:27:19,134 WARN clearConfigHistory, getBeforeStamp:2023-08-04 04:27:19.0, pageSize:1000

2023-09-03 04:27:19,145 INFO [capacityManagement] end correct usage, cost: 0.012519834s

2023-09-03 04:37:19,175 INFO [capacityManagement] start correct usage

2023-09-03 04:37:19,175 WARN clearConfigHistory start

2023-09-03 04:37:19,191 INFO [capacityManagement] end correct usage, cost: 0.002070125s

2023-09-03 04:37:19,193 WARN clearConfigHistory, getBeforeStamp:2023-08-04 04:37:19.0, pageSize:1000

2023-09-03 04:47:19,205 INFO [capacityManagement] start correct usage

2023-09-03 04:47:19,211 WARN clearConfigHistory start

2023-09-03 04:47:19,222 INFO [capacityManagement] end correct usage, cost: 0.002443s

2023-09-03 04:47:19,224 WARN clearConfigHistory, getBeforeStamp:2023-08-04 04:47:19.0, pageSize:1000

2023-09-03 04:57:19,250 INFO [capacityManagement] start correct usage

2023-09-03 04:57:19,255 WARN clearConfigHistory start

2023-09-03 04:57:19,268 INFO [capacityManagement] end correct usage, cost: 0.00341275s

2023-09-03 04:57:19,270 WARN clearConfigHistory, getBeforeStamp:2023-08-04 04:57:19.0, pageSize:1000

2023-09-03 05:07:19,224 INFO [capacityManagement] start correct usage

2023-09-03 05:07:19,236 INFO [capacityManagement] end correct usage, cost: 0.002706667s

2023-09-03 05:07:19,236 WARN clearConfigHistory start

2023-09-03 05:07:19,242 WARN clearConfigHistory, getBeforeStamp:2023-08-04 05:07:19.0, pageSize:1000

2023-09-03 05:17:19,249 INFO [capacityManagement] start correct usage

2023-09-03 05:17:19,255 WARN clearConfigHistory start

2023-09-03 05:17:19,284 INFO [capacityManagement] end correct usage, cost: 0.003447959s

2023-09-03 05:17:19,286 WARN clearConfigHistory, getBeforeStamp:2023-08-04 05:17:19.0, pageSize:1000

2023-09-03 05:27:19,280 INFO [capacityManagement] start correct usage

2023-09-03 05:27:19,289 WARN clearConfigHistory start

2023-09-03 05:27:19,301 INFO [capacityManagement] end correct usage, cost: 0.00686375s

2023-09-03 05:27:19,307 WARN clearConfigHistory, getBeforeStamp:2023-08-04 05:27:19.0, pageSize:1000

2023-09-03 05:52:50,287 INFO [capacityManagement] start correct usage

2023-09-03 05:52:50,294 WARN clearConfigHistory start

2023-09-03 05:52:50,309 INFO [capacityManagement] end correct usage, cost: 0.002919958s

2023-09-03 05:52:50,310 WARN clearConfigHistory, getBeforeStamp:2023-08-04 05:52:50.0, pageSize:1000

2023-09-03 06:02:50,315 INFO [capacityManagement] start correct usage

2023-09-03 06:02:50,321 WARN clearConfigHistory start

2023-09-03 06:02:50,333 INFO [capacityManagement] end correct usage, cost: 0.007356375s

2023-09-03 06:02:50,333 WARN clearConfigHistory, getBeforeStamp:2023-08-04 06:02:50.0, pageSize:1000

2023-09-03 06:12:50,339 INFO [capacityManagement] start correct usage

2023-09-03 06:12:50,360 INFO [capacityManagement] end correct usage, cost: 0.011455625s

2023-09-03 06:12:50,453 WARN clearConfigHistory start

2023-09-03 06:12:50,457 WARN clearConfigHistory, getBeforeStamp:2023-08-04 06:12:50.0, pageSize:1000

2023-09-03 06:22:50,371 INFO [capacityManagement] start correct usage

2023-09-03 06:22:50,382 INFO [capacityManagement] end correct usage, cost: 0.001178583s

2023-09-03 06:22:50,465 WARN clearConfigHistory start

2023-09-03 06:22:50,470 WARN clearConfigHistory, getBeforeStamp:2023-08-04 06:22:50.0, pageSize:1000

2023-09-03 06:32:50,420 INFO [capacityManagement] start correct usage

2023-09-03 06:32:50,434 INFO [capacityManagement] end correct usage, cost: 0.005572417s

2023-09-03 06:32:50,507 WARN clearConfigHistory start

2023-09-03 06:32:50,516 WARN clearConfigHistory, getBeforeStamp:2023-08-04 06:32:50.0, pageSize:1000

2023-09-03 06:42:50,466 INFO [capacityManagement] start correct usage

2023-09-03 06:42:50,480 INFO [capacityManagement] end correct usage, cost: 0.002534125s

2023-09-03 06:42:50,563 WARN clearConfigHistory start

2023-09-03 06:42:50,572 WARN clearConfigHistory, getBeforeStamp:2023-08-04 06:42:50.0, pageSize:1000

2023-09-03 06:52:50,516 INFO [capacityManagement] start correct usage

2023-09-03 06:52:50,536 INFO [capacityManagement] end correct usage, cost: 0.007933167s

2023-09-03 06:52:50,592 WARN clearConfigHistory start

2023-09-03 06:52:50,603 WARN clearConfigHistory, getBeforeStamp:2023-08-04 06:52:50.0, pageSize:1000

2023-09-03 07:02:50,571 INFO [capacityManagement] start correct usage

2023-09-03 07:02:50,585 INFO [capacityManagement] end correct usage, cost: 0.00607975s

2023-09-03 07:02:50,650 WARN clearConfigHistory start

2023-09-03 07:02:50,665 WARN clearConfigHistory, getBeforeStamp:2023-08-04 07:02:50.0, pageSize:1000

2023-09-03 07:12:50,540 INFO [capacityManagement] start correct usage

2023-09-03 07:12:50,549 INFO [capacityManagement] end correct usage, cost: 0.002032625s

2023-09-03 07:12:50,631 WARN clearConfigHistory start

2023-09-03 07:12:50,636 WARN clearConfigHistory, getBeforeStamp:2023-08-04 07:12:50.0, pageSize:1000

2023-09-03 07:22:50,566 INFO [capacityManagement] start correct usage

2023-09-03 07:22:50,585 INFO [capacityManagement] end correct usage, cost: 0.00694525s

2023-09-03 07:22:50,654 WARN clearConfigHistory start

2023-09-03 07:22:50,662 WARN clearConfigHistory, getBeforeStamp:2023-08-04 07:22:50.0, pageSize:1000

2023-09-03 07:32:50,587 INFO [capacityManagement] start correct usage

2023-09-03 07:32:50,599 INFO [capacityManagement] end correct usage, cost: 0.003216083s

2023-09-03 07:32:50,692 WARN clearConfigHistory start

2023-09-03 07:32:50,710 WARN clearConfigHistory, getBeforeStamp:2023-08-04 07:32:50.0, pageSize:1000

2023-09-03 07:42:50,637 INFO [capacityManagement] start correct usage

2023-09-03 07:42:50,661 INFO [capacityManagement] end correct usage, cost: 0.0072345s

2023-09-03 07:42:50,767 WARN clearConfigHistory start

2023-09-03 07:42:50,785 WARN clearConfigHistory, getBeforeStamp:2023-08-04 07:42:50.0, pageSize:1000

2023-09-03 07:52:50,679 INFO [capacityManagement] start correct usage

2023-09-03 07:52:50,696 INFO [capacityManagement] end correct usage, cost: 0.003674791s

2023-09-03 07:52:50,820 WARN clearConfigHistory start

2023-09-03 07:52:50,828 WARN clearConfigHistory, getBeforeStamp:2023-08-04 07:52:50.0, pageSize:1000

2023-09-03 08:02:50,740 INFO [capacityManagement] start correct usage

2023-09-03 08:02:50,764 INFO [capacityManagement] end correct usage, cost: 9.31833E-4s

2023-09-03 08:02:50,875 WARN clearConfigHistory start

2023-09-03 08:02:50,879 WARN clearConfigHistory, getBeforeStamp:2023-08-04 08:02:50.0, pageSize:1000

2023-09-03 08:14:06,129 INFO [capacityManagement] start correct usage

2023-09-03 08:14:06,142 INFO [capacityManagement] end correct usage, cost: 0.002006375s

2023-09-03 08:14:06,248 WARN clearConfigHistory start

2023-09-03 08:14:06,253 WARN clearConfigHistory, getBeforeStamp:2023-08-04 08:14:06.0, pageSize:1000

2023-09-03 08:24:06,146 INFO [capacityManagement] start correct usage

2023-09-03 08:24:06,178 INFO [capacityManagement] end correct usage, cost: 0.005253s

2023-09-03 08:24:06,261 WARN clearConfigHistory start

2023-09-03 08:24:06,265 WARN clearConfigHistory, getBeforeStamp:2023-08-04 08:24:06.0, pageSize:1000

2023-09-03 08:34:06,190 INFO [capacityManagement] start correct usage

2023-09-03 08:34:06,219 INFO [capacityManagement] end correct usage, cost: 0.0027945s

2023-09-03 08:34:06,280 WARN clearConfigHistory start

2023-09-03 08:34:06,285 WARN clearConfigHistory, getBeforeStamp:2023-08-04 08:34:06.0, pageSize:1000

2023-09-03 08:44:06,215 INFO [capacityManagement] start correct usage

2023-09-03 08:44:06,218 INFO [capacityManagement] end correct usage, cost: 8.24208E-4s

2023-09-03 08:44:06,294 WARN clearConfigHistory start

2023-09-03 08:44:06,296 WARN clearConfigHistory, getBeforeStamp:2023-08-04 08:44:06.0, pageSize:1000

2023-09-03 08:54:06,240 INFO [capacityManagement] start correct usage

2023-09-03 08:54:06,280 INFO [capacityManagement] end correct usage, cost: 0.009802459s

2023-09-03 08:54:06,323 WARN clearConfigHistory start

2023-09-03 08:54:06,330 WARN clearConfigHistory, getBeforeStamp:2023-08-04 08:54:06.0, pageSize:1000

2023-09-03 09:04:06,298 INFO [capacityManagement] start correct usage

2023-09-03 09:04:06,312 INFO [capacityManagement] end correct usage, cost: 0.003175s

2023-09-03 09:04:06,347 WARN clearConfigHistory start

2023-09-03 09:04:06,354 WARN clearConfigHistory, getBeforeStamp:2023-08-04 09:04:06.0, pageSize:1000

2023-09-03 09:23:24,208 INFO [capacityManagement] start correct usage

2023-09-03 09:23:24,217 INFO [capacityManagement] end correct usage, cost: 0.002079333s

2023-09-03 09:23:24,255 WARN clearConfigHistory start

2023-09-03 09:23:24,260 WARN clearConfigHistory, getBeforeStamp:2023-08-04 09:23:24.0, pageSize:1000

2023-09-03 09:33:24,235 INFO [capacityManagement] start correct usage

2023-09-03 09:33:24,258 INFO [capacityManagement] end correct usage, cost: 0.011520042s

2023-09-03 09:33:24,279 WARN clearConfigHistory start

2023-09-03 09:33:24,288 WARN clearConfigHistory, getBeforeStamp:2023-08-04 09:33:24.0, pageSize:1000

2023-09-03 09:43:24,279 INFO [capacityManagement] start correct usage

2023-09-03 09:43:24,294 INFO [capacityManagement] end correct usage, cost: 0.005231459s

2023-09-03 09:43:24,312 WARN clearConfigHistory start

2023-09-03 09:43:24,317 WARN clearConfigHistory, getBeforeStamp:2023-08-04 09:43:24.0, pageSize:1000

2023-09-03 09:53:24,312 INFO [capacityManagement] start correct usage

2023-09-03 09:53:24,325 INFO [capacityManagement] end correct usage, cost: 0.00302875s

2023-09-03 09:53:24,338 WARN clearConfigHistory start

2023-09-03 09:53:24,343 WARN clearConfigHistory, getBeforeStamp:2023-08-04 09:53:24.0, pageSize:1000

2023-09-03 10:03:24,341 INFO [capacityManagement] start correct usage

2023-09-03 10:03:24,354 INFO [capacityManagement] end correct usage, cost: 0.002976375s

2023-09-03 10:03:24,360 WARN clearConfigHistory start

2023-09-03 10:03:24,364 WARN clearConfigHistory, getBeforeStamp:2023-08-04 10:03:24.0, pageSize:1000

2023-09-03 10:13:24,348 INFO [capacityManagement] start correct usage

2023-09-03 10:13:24,361 WARN clearConfigHistory start

2023-09-03 10:13:24,361 INFO [capacityManagement] end correct usage, cost: 0.002573333s

2023-09-03 10:13:24,367 WARN clearConfigHistory, getBeforeStamp:2023-08-04 10:13:24.0, pageSize:1000

2023-09-03 10:35:51,440 INFO [capacityManagement] start correct usage

2023-09-03 10:35:51,444 WARN clearConfigHistory start

2023-09-03 10:35:51,456 WARN clearConfigHistory, getBeforeStamp:2023-08-04 10:35:51.0, pageSize:1000

2023-09-03 10:35:51,452 INFO [capacityManagement] end correct usage, cost: 0.002204166s

2023-09-03 10:45:51,464 INFO [capacityManagement] start correct usage

2023-09-03 10:45:51,465 WARN clearConfigHistory start

2023-09-03 10:45:51,477 INFO [capacityManagement] end correct usage, cost: 0.001711041s

2023-09-03 10:45:51,480 WARN clearConfigHistory, getBeforeStamp:2023-08-04 10:45:51.0, pageSize:1000

2023-09-03 10:55:51,465 INFO [capacityManagement] start correct usage

2023-09-03 10:55:51,471 WARN clearConfigHistory start

2023-09-03 10:55:51,484 WARN clearConfigHistory, getBeforeStamp:2023-08-04 10:55:51.0, pageSize:1000

2023-09-03 10:55:51,485 INFO [capacityManagement] end correct usage, cost: 0.011536958s

2023-09-03 11:05:51,449 INFO [capacityManagement] start correct usage

2023-09-03 11:05:51,457 WARN clearConfigHistory start

2023-09-03 11:05:51,476 INFO [capacityManagement] end correct usage, cost: 0.003435708s

2023-09-03 11:05:51,477 WARN clearConfigHistory, getBeforeStamp:2023-08-04 11:05:51.0, pageSize:1000

2023-09-03 11:15:51,476 INFO [capacityManagement] start correct usage

2023-09-03 11:15:51,479 WARN clearConfigHistory start

2023-09-03 11:15:51,497 INFO [capacityManagement] end correct usage, cost: 0.00224175s

2023-09-03 11:15:51,501 WARN clearConfigHistory, getBeforeStamp:2023-08-04 11:15:51.0, pageSize:1000

2023-09-03 11:25:51,498 INFO [capacityManagement] start correct usage

2023-09-03 11:25:51,500 WARN clearConfigHistory start

2023-09-03 11:25:51,538 WARN clearConfigHistory, getBeforeStamp:2023-08-04 11:25:51.0, pageSize:1000

2023-09-03 11:25:51,539 INFO [capacityManagement] end correct usage, cost: 0.003664291s

2023-09-03 11:35:51,586 WARN clearConfigHistory start

2023-09-03 11:35:51,587 INFO [capacityManagement] start correct usage

2023-09-03 11:35:51,598 WARN clearConfigHistory, getBeforeStamp:2023-08-04 11:35:51.0, pageSize:1000

2023-09-03 11:35:51,602 INFO [capacityManagement] end correct usage, cost: 0.002432625s

2023-09-03 11:45:51,617 WARN clearConfigHistory start

2023-09-03 11:45:51,622 INFO [capacityManagement] start correct usage

2023-09-03 11:45:51,627 WARN clearConfigHistory, getBeforeStamp:2023-08-04 11:45:51.0, pageSize:1000

2023-09-03 11:45:51,639 INFO [capacityManagement] end correct usage, cost: 0.001493666s

2023-09-03 12:11:52,585 WARN clearConfigHistory start

2023-09-03 12:11:52,598 WARN clearConfigHistory, getBeforeStamp:2023-08-04 12:11:52.0, pageSize:1000

2023-09-03 12:11:52,587 INFO [capacityManagement] start correct usage

2023-09-03 12:11:52,724 INFO [capacityManagement] end correct usage, cost: 0.001764792s

2023-09-03 12:21:52,726 WARN clearConfigHistory start

2023-09-03 12:21:52,727 INFO [capacityManagement] start correct usage

2023-09-03 12:21:52,738 INFO [capacityManagement] end correct usage, cost: 0.001665584s

2023-09-03 12:21:52,737 WARN clearConfigHistory, getBeforeStamp:2023-08-04 12:21:52.0, pageSize:1000

2023-09-03 12:31:52,736 INFO [capacityManagement] start correct usage

2023-09-03 12:31:52,747 INFO [capacityManagement] end correct usage, cost: 0.00173775s

2023-09-03 12:31:52,737 WARN clearConfigHistory start

2023-09-03 12:31:52,753 WARN clearConfigHistory, getBeforeStamp:2023-08-04 12:31:52.0, pageSize:1000

2023-09-03 12:41:52,755 INFO [capacityManagement] start correct usage

2023-09-03 12:41:52,755 WARN clearConfigHistory start

2023-09-03 12:41:52,769 INFO [capacityManagement] end correct usage, cost: 0.003224208s

2023-09-03 12:41:52,790 WARN clearConfigHistory, getBeforeStamp:2023-08-04 12:41:52.0, pageSize:1000

2023-09-03 12:51:52,886 WARN clearConfigHistory start

2023-09-03 12:51:52,879 INFO [capacityManagement] start correct usage

2023-09-03 12:51:52,894 WARN clearConfigHistory, getBeforeStamp:2023-08-04 12:51:52.0, pageSize:1000

2023-09-03 12:51:52,896 INFO [capacityManagement] end correct usage, cost: 0.002467666s

2023-09-03 13:15:04,777 INFO [capacityManagement] start correct usage

2023-09-03 13:15:04,781 WARN clearConfigHistory start

2023-09-03 13:15:04,792 WARN clearConfigHistory, getBeforeStamp:2023-08-04 13:15:04.0, pageSize:1000

2023-09-03 13:15:04,793 INFO [capacityManagement] end correct usage, cost: 0.005666166s

2023-09-03 13:32:31,011 INFO [capacityManagement] start correct usage

2023-09-03 13:32:31,017 WARN clearConfigHistory start

2023-09-03 13:32:31,031 INFO [capacityManagement] end correct usage, cost: 0.009181917s

2023-09-03 13:32:31,039 WARN clearConfigHistory, getBeforeStamp:2023-08-04 13:32:31.0, pageSize:1000

2023-09-03 13:42:31,036 INFO [capacityManagement] start correct usage

2023-09-03 13:42:31,053 WARN clearConfigHistory start

2023-09-03 13:42:31,067 INFO [capacityManagement] end correct usage, cost: 0.004474542s

2023-09-03 13:42:31,069 WARN clearConfigHistory, getBeforeStamp:2023-08-04 13:42:31.0, pageSize:1000

2023-09-03 13:52:31,046 INFO [capacityManagement] start correct usage

2023-09-03 13:52:31,054 WARN clearConfigHistory start

2023-09-03 13:52:31,063 INFO [capacityManagement] end correct usage, cost: 0.005233375s

2023-09-03 13:52:31,089 WARN clearConfigHistory, getBeforeStamp:2023-08-04 13:52:31.0, pageSize:1000

2023-09-03 14:02:31,077 INFO [capacityManagement] start correct usage

2023-09-03 14:02:31,086 WARN clearConfigHistory start

2023-09-03 14:02:31,110 WARN clearConfigHistory, getBeforeStamp:2023-08-04 14:02:31.0, pageSize:1000

2023-09-03 14:02:31,117 INFO [capacityManagement] end correct usage, cost: 0.020303167s

2023-09-03 14:12:31,117 INFO [capacityManagement] start correct usage

2023-09-03 14:12:31,130 WARN clearConfigHistory start

2023-09-03 14:12:31,133 INFO [capacityManagement] end correct usage, cost: 0.004133583s

2023-09-03 14:12:31,136 WARN clearConfigHistory, getBeforeStamp:2023-08-04 14:12:31.0, pageSize:1000

2023-09-03 14:22:31,164 INFO [capacityManagement] start correct usage

2023-09-03 14:22:31,171 WARN clearConfigHistory start

2023-09-03 14:22:31,183 INFO [capacityManagement] end correct usage, cost: 0.007341542s

2023-09-03 14:22:31,184 WARN clearConfigHistory, getBeforeStamp:2023-08-04 14:22:31.0, pageSize:1000

2023-09-03 14:32:31,210 INFO [capacityManagement] start correct usage

2023-09-03 14:32:31,231 INFO [capacityManagement] end correct usage, cost: 0.013294666s

2023-09-03 14:32:31,234 WARN clearConfigHistory start

2023-09-03 14:32:31,243 WARN clearConfigHistory, getBeforeStamp:2023-08-04 14:32:31.0, pageSize:1000

2023-09-03 14:42:31,242 INFO [capacityManagement] start correct usage

2023-09-03 14:42:31,255 INFO [capacityManagement] end correct usage, cost: 0.003346666s

2023-09-03 14:42:31,259 WARN clearConfigHistory start

2023-09-03 14:42:31,265 WARN clearConfigHistory, getBeforeStamp:2023-08-04 14:42:31.0, pageSize:1000

2023-09-03 14:52:31,283 INFO [capacityManagement] start correct usage

2023-09-03 14:52:31,299 INFO [capacityManagement] end correct usage, cost: 0.006401708s

2023-09-03 14:52:31,299 WARN clearConfigHistory start

2023-09-03 14:52:31,308 WARN clearConfigHistory, getBeforeStamp:2023-08-04 14:52:31.0, pageSize:1000

2023-09-03 15:02:31,290 INFO [capacityManagement] start correct usage

2023-09-03 15:02:31,299 INFO [capacityManagement] end correct usage, cost: 0.00309025s

2023-09-03 15:02:31,311 WARN clearConfigHistory start

2023-09-03 15:02:31,317 WARN clearConfigHistory, getBeforeStamp:2023-08-04 15:02:31.0, pageSize:1000

2023-09-03 15:12:31,305 INFO [capacityManagement] start correct usage

2023-09-03 15:12:31,333 WARN clearConfigHistory start

2023-09-03 15:12:31,336 INFO [capacityManagement] end correct usage, cost: 0.008491875s

2023-09-03 15:12:31,341 WARN clearConfigHistory, getBeforeStamp:2023-08-04 15:12:31.0, pageSize:1000

2023-09-03 15:22:31,289 INFO [capacityManagement] start correct usage

2023-09-03 15:22:31,302 WARN clearConfigHistory start

2023-09-03 15:22:31,309 INFO [capacityManagement] end correct usage, cost: 0.009794083s

2023-09-03 15:22:31,315 WARN clearConfigHistory, getBeforeStamp:2023-08-04 15:22:31.0, pageSize:1000

