2023-09-02 16:35:09,330 INFO Register tps control,pointName=CONFIG_PUSH_COUNT, point=com.alibaba.nacos.core.remote.control.TpsMonitorPoint@10a9d961 

2023-09-02 16:35:09,367 INFO Load rule from local,pointName=CONFIG_PUSH_COUNT, ruleContent= 

2023-09-02 16:35:09,374 INFO Apply tps control rule parse start,pointName=[CONFIG_PUSH_COUNT]  

2023-09-02 16:35:09,375 INFO Clear point  control rule ,pointName=[CONFIG_PUSH_COUNT]  

2023-09-02 16:35:09,384 INFO Clear point  control rule for monitorKeys, pointName=[CONFIG_PUSH_COUNT]  

2023-09-02 16:35:09,387 INFO Register tps control,pointName=CONFIG_PUSH_SUCCESS, point=com.alibaba.nacos.core.remote.control.TpsMonitorPoint@130e116b 

2023-09-02 16:35:09,389 INFO Load rule from local,pointName=CONFIG_PUSH_SUCCESS, ruleContent= 

2023-09-02 16:35:09,392 INFO Apply tps control rule parse start,pointName=[CONFIG_PUSH_SUCCESS]  

2023-09-02 16:35:09,394 INFO Clear point  control rule ,pointName=[CONFIG_PUSH_SUCCESS]  

2023-09-02 16:35:09,397 INFO Clear point  control rule for monitorKeys, pointName=[CONFIG_PUSH_SUCCESS]  

2023-09-02 16:35:09,398 INFO Register tps control,pointName=CONFIG_PUSH_FAIL, point=com.alibaba.nacos.core.remote.control.TpsMonitorPoint@e383572 

2023-09-02 16:35:09,406 INFO Load rule from local,pointName=CONFIG_PUSH_FAIL, ruleContent= 

2023-09-02 16:35:09,408 INFO Apply tps control rule parse start,pointName=[CONFIG_PUSH_FAIL]  

2023-09-02 16:35:09,409 INFO Clear point  control rule ,pointName=[CONFIG_PUSH_FAIL]  

2023-09-02 16:35:09,410 INFO Clear point  control rule for monitorKeys, pointName=[CONFIG_PUSH_FAIL]  

2023-09-02 16:35:11,462 INFO Register tps control,pointName=ConfigQuery, point=com.alibaba.nacos.core.remote.control.TpsMonitorPoint@4a9f80d3 

2023-09-02 16:35:11,465 INFO Load rule from local,pointName=ConfigQuery, ruleContent= 

2023-09-02 16:35:11,474 INFO Apply tps control rule parse start,pointName=[ConfigQuery]  

2023-09-02 16:35:11,475 INFO Clear point  control rule ,pointName=[ConfigQuery]  

2023-09-02 16:35:11,476 INFO Clear point  control rule for monitorKeys, pointName=[ConfigQuery]  

2023-09-02 16:35:11,479 INFO Register tps control,pointName=ClusterConfigChangeNotify, point=com.alibaba.nacos.core.remote.control.TpsMonitorPoint@35beb15e 

2023-09-02 16:35:11,481 INFO Load rule from local,pointName=ClusterConfigChangeNotify, ruleContent= 

2023-09-02 16:35:11,482 INFO Apply tps control rule parse start,pointName=[ClusterConfigChangeNotify]  

2023-09-02 16:35:11,482 INFO Clear point  control rule ,pointName=[ClusterConfigChangeNotify]  

2023-09-02 16:35:11,483 INFO Clear point  control rule for monitorKeys, pointName=[ClusterConfigChangeNotify]  

2023-09-02 16:35:11,490 INFO Register tps control,pointName=ConfigListen, point=com.alibaba.nacos.core.remote.control.TpsMonitorPoint@41fe9859 

2023-09-02 16:35:11,491 INFO Load rule from local,pointName=ConfigListen, ruleContent= 

2023-09-02 16:35:11,492 INFO Apply tps control rule parse start,pointName=[ConfigListen]  

2023-09-02 16:35:11,493 INFO Clear point  control rule ,pointName=[ConfigListen]  

2023-09-02 16:35:11,494 INFO Clear point  control rule for monitorKeys, pointName=[ConfigListen]  

2023-09-02 16:35:11,495 INFO Register tps control,pointName=ConfigRemove, point=com.alibaba.nacos.core.remote.control.TpsMonitorPoint@6c67e137 

2023-09-02 16:35:11,496 INFO Load rule from local,pointName=ConfigRemove, ruleContent= 

2023-09-02 16:35:11,498 INFO Apply tps control rule parse start,pointName=[ConfigRemove]  

2023-09-02 16:35:11,504 INFO Clear point  control rule ,pointName=[ConfigRemove]  

2023-09-02 16:35:11,505 INFO Clear point  control rule for monitorKeys, pointName=[ConfigRemove]  

2023-09-02 16:35:11,506 INFO Register tps control,pointName=ConfigPublish, point=com.alibaba.nacos.core.remote.control.TpsMonitorPoint@2c9399a4 

2023-09-02 16:35:11,507 INFO Load rule from local,pointName=ConfigPublish, ruleContent= 

2023-09-02 16:35:11,508 INFO Apply tps control rule parse start,pointName=[ConfigPublish]  

2023-09-02 16:35:11,509 INFO Clear point  control rule ,pointName=[ConfigPublish]  

2023-09-02 16:35:11,511 INFO Clear point  control rule for monitorKeys, pointName=[ConfigPublish]  

2023-09-02 16:35:11,513 INFO Register tps control,pointName=HealthCheck, point=com.alibaba.nacos.core.remote.control.TpsMonitorPoint@191ae03f 

2023-09-02 16:35:11,514 INFO Load rule from local,pointName=HealthCheck, ruleContent= 

2023-09-02 16:35:11,514 INFO Apply tps control rule parse start,pointName=[HealthCheck]  

2023-09-02 16:35:11,516 INFO Clear point  control rule ,pointName=[HealthCheck]  

2023-09-02 16:35:11,522 INFO Clear point  control rule for monitorKeys, pointName=[HealthCheck]  

2023-09-02 17:35:07,967 INFO Register tps control,pointName=NAMING_RPC_PUSH, point=com.alibaba.nacos.core.remote.control.TpsMonitorPoint@788918b6 

2023-09-02 17:35:07,971 INFO Load rule from local,pointName=NAMING_RPC_PUSH, ruleContent= 

2023-09-02 17:35:07,972 INFO Apply tps control rule parse start,pointName=[NAMING_RPC_PUSH]  

2023-09-02 17:35:07,973 INFO Clear point  control rule ,pointName=[NAMING_RPC_PUSH]  

2023-09-02 17:35:07,975 INFO Clear point  control rule for monitorKeys, pointName=[NAMING_RPC_PUSH]  

2023-09-02 17:35:07,976 INFO Register tps control,pointName=NAMING_RPC_PUSH_SUCCESS, point=com.alibaba.nacos.core.remote.control.TpsMonitorPoint@7718f985 

2023-09-02 17:35:07,978 INFO Load rule from local,pointName=NAMING_RPC_PUSH_SUCCESS, ruleContent= 

2023-09-02 17:35:07,979 INFO Apply tps control rule parse start,pointName=[NAMING_RPC_PUSH_SUCCESS]  

2023-09-02 17:35:07,979 INFO Clear point  control rule ,pointName=[NAMING_RPC_PUSH_SUCCESS]  

2023-09-02 17:35:07,980 INFO Clear point  control rule for monitorKeys, pointName=[NAMING_RPC_PUSH_SUCCESS]  

2023-09-02 17:35:07,981 INFO Register tps control,pointName=NAMING_RPC_PUSH_FAIL, point=com.alibaba.nacos.core.remote.control.TpsMonitorPoint@2880a940 

2023-09-02 17:35:07,988 INFO Load rule from local,pointName=NAMING_RPC_PUSH_FAIL, ruleContent= 

2023-09-02 17:35:07,988 INFO Apply tps control rule parse start,pointName=[NAMING_RPC_PUSH_FAIL]  

2023-09-02 17:35:07,989 INFO Clear point  control rule ,pointName=[NAMING_RPC_PUSH_FAIL]  

2023-09-02 17:35:07,989 INFO Clear point  control rule for monitorKeys, pointName=[NAMING_RPC_PUSH_FAIL]  

2023-09-02 17:35:07,990 INFO Register tps control,pointName=NAMING_UDP_PUSH, point=com.alibaba.nacos.core.remote.control.TpsMonitorPoint@5a5a4028 

2023-09-02 17:35:07,992 INFO Load rule from local,pointName=NAMING_UDP_PUSH, ruleContent= 

2023-09-02 17:35:07,992 INFO Apply tps control rule parse start,pointName=[NAMING_UDP_PUSH]  

2023-09-02 17:35:07,993 INFO Clear point  control rule ,pointName=[NAMING_UDP_PUSH]  

2023-09-02 17:35:07,994 INFO Clear point  control rule for monitorKeys, pointName=[NAMING_UDP_PUSH]  

2023-09-02 17:35:08,003 INFO Register tps control,pointName=NAMING_UDP_PUSH_SUCCESS, point=com.alibaba.nacos.core.remote.control.TpsMonitorPoint@6aa6af7d 

2023-09-02 17:35:08,004 INFO Load rule from local,pointName=NAMING_UDP_PUSH_SUCCESS, ruleContent= 

2023-09-02 17:35:08,005 INFO Apply tps control rule parse start,pointName=[NAMING_UDP_PUSH_SUCCESS]  

2023-09-02 17:35:08,006 INFO Clear point  control rule ,pointName=[NAMING_UDP_PUSH_SUCCESS]  

2023-09-02 17:35:08,006 INFO Clear point  control rule for monitorKeys, pointName=[NAMING_UDP_PUSH_SUCCESS]  

2023-09-02 17:35:08,007 INFO Register tps control,pointName=NAMING_UDP_PUSH_FAIL, point=com.alibaba.nacos.core.remote.control.TpsMonitorPoint@5a42b77d 

2023-09-02 17:35:08,008 INFO Load rule from local,pointName=NAMING_UDP_PUSH_FAIL, ruleContent= 

2023-09-02 17:35:08,008 INFO Apply tps control rule parse start,pointName=[NAMING_UDP_PUSH_FAIL]  

2023-09-02 17:35:08,009 INFO Clear point  control rule ,pointName=[NAMING_UDP_PUSH_FAIL]  

2023-09-02 17:35:08,010 INFO Clear point  control rule for monitorKeys, pointName=[NAMING_UDP_PUSH_FAIL]  

2023-09-02 17:35:08,011 INFO Register tps control,pointName=NAMING_DISTRO_SYNC, point=com.alibaba.nacos.core.remote.control.TpsMonitorPoint@77a5cfdc 

2023-09-02 17:35:08,017 INFO Load rule from local,pointName=NAMING_DISTRO_SYNC, ruleContent= 

2023-09-02 17:35:08,019 INFO Apply tps control rule parse start,pointName=[NAMING_DISTRO_SYNC]  

2023-09-02 17:35:08,020 INFO Clear point  control rule ,pointName=[NAMING_DISTRO_SYNC]  

2023-09-02 17:35:08,021 INFO Clear point  control rule for monitorKeys, pointName=[NAMING_DISTRO_SYNC]  

2023-09-02 17:35:08,022 INFO Register tps control,pointName=NAMING_DISTRO_SYNC_SUCCESS, point=com.alibaba.nacos.core.remote.control.TpsMonitorPoint@7f768a00 

2023-09-02 17:35:08,022 INFO Load rule from local,pointName=NAMING_DISTRO_SYNC_SUCCESS, ruleContent= 

2023-09-02 17:35:08,023 INFO Apply tps control rule parse start,pointName=[NAMING_DISTRO_SYNC_SUCCESS]  

2023-09-02 17:35:08,024 INFO Clear point  control rule ,pointName=[NAMING_DISTRO_SYNC_SUCCESS]  

2023-09-02 17:35:08,024 INFO Clear point  control rule for monitorKeys, pointName=[NAMING_DISTRO_SYNC_SUCCESS]  

2023-09-02 17:35:08,024 INFO Register tps control,pointName=NAMING_DISTRO_SYNC_FAIL, point=com.alibaba.nacos.core.remote.control.TpsMonitorPoint@20741fd4 

2023-09-02 17:35:08,031 INFO Load rule from local,pointName=NAMING_DISTRO_SYNC_FAIL, ruleContent= 

2023-09-02 17:35:08,031 INFO Apply tps control rule parse start,pointName=[NAMING_DISTRO_SYNC_FAIL]  

2023-09-02 17:35:08,032 INFO Clear point  control rule ,pointName=[NAMING_DISTRO_SYNC_FAIL]  

2023-09-02 17:35:08,033 INFO Clear point  control rule for monitorKeys, pointName=[NAMING_DISTRO_SYNC_FAIL]  

2023-09-02 17:35:08,034 INFO Register tps control,pointName=NAMING_DISTRO_VERIFY, point=com.alibaba.nacos.core.remote.control.TpsMonitorPoint@6f42adf8 

2023-09-02 17:35:08,035 INFO Load rule from local,pointName=NAMING_DISTRO_VERIFY, ruleContent= 

2023-09-02 17:35:08,036 INFO Apply tps control rule parse start,pointName=[NAMING_DISTRO_VERIFY]  

2023-09-02 17:35:08,036 INFO Clear point  control rule ,pointName=[NAMING_DISTRO_VERIFY]  

2023-09-02 17:35:08,037 INFO Clear point  control rule for monitorKeys, pointName=[NAMING_DISTRO_VERIFY]  

2023-09-02 17:35:08,037 INFO Register tps control,pointName=NAMING_DISTRO_VERIFY_SUCCESS, point=com.alibaba.nacos.core.remote.control.TpsMonitorPoint@364054e3 

2023-09-02 17:35:08,038 INFO Load rule from local,pointName=NAMING_DISTRO_VERIFY_SUCCESS, ruleContent= 

2023-09-02 17:35:08,044 INFO Apply tps control rule parse start,pointName=[NAMING_DISTRO_VERIFY_SUCCESS]  

2023-09-02 17:35:08,045 INFO Clear point  control rule ,pointName=[NAMING_DISTRO_VERIFY_SUCCESS]  

2023-09-02 17:35:08,045 INFO Clear point  control rule for monitorKeys, pointName=[NAMING_DISTRO_VERIFY_SUCCESS]  

2023-09-02 17:35:08,046 INFO Register tps control,pointName=NAMING_DISTRO_VERIFY_FAIL, point=com.alibaba.nacos.core.remote.control.TpsMonitorPoint@7dadeea1 

2023-09-02 17:35:08,047 INFO Load rule from local,pointName=NAMING_DISTRO_VERIFY_FAIL, ruleContent= 

2023-09-02 17:35:08,047 INFO Apply tps control rule parse start,pointName=[NAMING_DISTRO_VERIFY_FAIL]  

2023-09-02 17:35:08,048 INFO Clear point  control rule ,pointName=[NAMING_DISTRO_VERIFY_FAIL]  

2023-09-02 17:35:08,049 INFO Clear point  control rule for monitorKeys, pointName=[NAMING_DISTRO_VERIFY_FAIL]  

